 Run datum (DD-MM-YY) and time: 5-10-2022   8:54

 Case name                                     



 Maxima per event

 Event   Start     Node identification   Node           Maximum_flow  
  nr  year-mon-day                       name               [m3/s]
===========================================================================
   1 1951 Jan   1   ucGRASLANDKLEIGPG-O- ucGRASLANDKLEIG        0.015
   1 1951 Jan   1   ucGRASLANDVEENGPG-O- ucGRASLANDVEENG        0.000
   1 1951 Jan   1   ucAKKERBOUW_TUINBOUW ucAKKERBOUW_TUI        0.022
   1 1951 Jan   1   ucONGEDRAINEERDKLEIG ucONGEDRAINEERD        0.000
   1 1951 Jan   1   ucONGEDRAINEERDKLEIG ucONGEDRAINEERD        0.050
   1 1951 Jan   1   ucAKKERBOUW_TUINBOUW ucAKKERBOUW_TUI        0.399
   1 1951 Jan   1   ucGRASLANDKLEIGPG-O- ucGRASLANDKLEIG        0.037
   1 1951 Jan   1   ucONGEDRAINEERDZANDG ucONGEDRAINEERD        0.076
   1 1951 Jan   1   ucAKKERBOUW_TUINBOUW ucAKKERBOUW_TUI        0.338
   1 1951 Jan   1   ucAKKERBOUW_TUINBOUW ucAKKERBOUW_TUI        0.104
   1 1951 Jan   1   ucGRASLANDZANDGPG-O- ucGRASLANDZANDG        0.118
   1 1951 Jan   1   ucGRASLANDVEENGPG-O- ucGRASLANDVEENG        0.010
   1 1951 Jan   1   ucONGEDRAINEERDVEENG ucONGEDRAINEERD        0.003
   1 1951 Jan   1   ucAKKERBOUW_TUINBOUW ucAKKERBOUW_TUI        3.307
   1 1951 Jan   1   ucGRASLANDKLEIGPG-O- ucGRASLANDKLEIG        2.775
   1 1951 Jan   1   ucONGEDRAINEERDKLEIG ucONGEDRAINEERD        0.100
   1 1951 Jan   1   ucGRASLANDVEENGPG-O- ucGRASLANDVEENG        0.003
   1 1951 Jan   1   ucAKKERBOUW_TUINBOUW ucAKKERBOUW_TUI        0.213
   1 1951 Jan   1   ucBOOM_EN_FRUITKWEKE ucBOOM_EN_FRUIT        0.002
   1 1951 Jan   1   ucGRASLANDZANDGPG-O- ucGRASLANDZANDG        0.013
   1 1951 Jan   1   ucONGEDRAINEERDZANDG ucONGEDRAINEERD        0.006
   1 1951 Jan   1   ucAKKERBOUW_TUINBOUW ucAKKERBOUW_TUI        0.005
   1 1951 Jan   1   ucAKKERBOUW_TUINBOUW ucAKKERBOUW_TUI        0.045
   1 1951 Jan   1   ucONGEDRAINEERDKLEIG ucONGEDRAINEERD        0.004
   1 1951 Jan   1   ucGRASLANDKLEIGPG-O- ucGRASLANDKLEIG        0.004
   1 1951 Jan   1   ucGRASLANDZANDGPG-O- ucGRASLANDZANDG        0.001
   1 1951 Jan   1   ucGRASLANDZANDGPG-O- ucGRASLANDZANDG        0.006
   1 1951 Jan   1   ucONGEDRAINEERDZANDG ucONGEDRAINEERD        0.003
   1 1951 Jan   1   ucAKKERBOUW_TUINBOUW ucAKKERBOUW_TUI        0.006
   1 1951 Jan   1   ucAKKERBOUW_TUINBOUW ucAKKERBOUW_TUI        0.010
   1 1951 Jan   1   ucGRASLANDKLEIGPG-O- ucGRASLANDKLEIG        0.006
   1 1951 Jan   1   ucONGEDRAINEERDKLEIG ucONGEDRAINEERD        0.001
   1 1951 Jan   1   ucGRASLANDZANDGPG-O- ucGRASLANDZANDG        0.007
   1 1951 Jan   1   ucONGEDRAINEERDZANDG ucONGEDRAINEERD        0.001
   1 1951 Jan   1   ucAKKERBOUW_TUINBOUW ucAKKERBOUW_TUI        0.000
   1 1951 Jan   1   ucAKKERBOUW_TUINBOUW ucAKKERBOUW_TUI        0.373
   1 1951 Jan   1   ucGRASLANDKLEIGPG-O- ucGRASLANDKLEIG        0.083
   1 1951 Jan   1   ucONGEDRAINEERDKLEIG ucONGEDRAINEERD        0.004
   1 1951 Jan   1   ucBOOM_EN_FRUITKWEKE ucBOOM_EN_FRUIT        0.068
   1 1951 Jan   1   ucGRASLANDZANDGPG-O- ucGRASLANDZANDG        0.083
   1 1951 Jan   1   ucAKKERBOUW_TUINBOUW ucAKKERBOUW_TUI        0.128
   1 1951 Jan   1   ucAKKERBOUW_TUINBOUW ucAKKERBOUW_TUI        0.127
   1 1951 Jan   1   ucGRASLANDVEENGPG-O- ucGRASLANDVEENG        0.087
   1 1951 Jan   1   ucONGEDRAINEERDZANDG ucONGEDRAINEERD        0.018
   1 1951 Jan   1   ucONGEDRAINEERDVEENG ucONGEDRAINEERD        0.058
   1 1951 Jan   1   ucONGEDRAINEERDKLEIG ucONGEDRAINEERD        0.125
   1 1951 Jan   1   ucAKKERBOUW_TUINBOUW ucAKKERBOUW_TUI        0.152
   1 1951 Jan   1   ucGRASLANDKLEIGPG-O- ucGRASLANDKLEIG        0.589
   1 1951 Jan   1   ucBOOM_EN_FRUITKWEKE ucBOOM_EN_FRUIT        0.038
   1 1951 Jan   1   ucGRASLANDKLEIGPG-O- ucGRASLANDKLEIG        0.075
   1 1951 Jan   1   ucAKKERBOUW_TUINBOUW ucAKKERBOUW_TUI        0.018
   1 1951 Jan   1   ucONGEDRAINEERDKLEIG ucONGEDRAINEERD        0.002
   1 1951 Jan   1   ucAKKERBOUW_TUINBOUW ucAKKERBOUW_TUI        0.002
   1 1951 Jan   1   ucONGEDRAINEERDKLEIG ucONGEDRAINEERD        0.002
   1 1951 Jan   1   ucAKKERBOUW_TUINBOUW ucAKKERBOUW_TUI        0.001
   1 1951 Jan   1   ucGRASLANDZANDGPG-O- ucGRASLANDZANDG        0.011
   1 1951 Jan   1   ucGRASLANDKLEIGPG-O- ucGRASLANDKLEIG        0.000
   1 1951 Jan   1   ucONGEDRAINEERDZANDG ucONGEDRAINEERD        0.003
   1 1951 Jan   1   ucBOOM_EN_FRUITKWEKE ucBOOM_EN_FRUIT        0.002
   1 1951 Jan   1   ucONGEDRAINEERDKLEIG ucONGEDRAINEERD        0.644
   1 1951 Jan   1   ucGRASLANDKLEIGPG-O- ucGRASLANDKLEIG        0.046
   1 1951 Jan   1   ucAKKERBOUW_TUINBOUW ucAKKERBOUW_TUI        0.114
   1 1951 Jan   1   ucONGEDRAINEERDZANDG ucONGEDRAINEERD        0.087
   1 1951 Jan   1   ucAKKERBOUW_TUINBOUW ucAKKERBOUW_TUI        0.000
   1 1951 Jan   1   ucGRASLANDZANDGPG-O- ucGRASLANDZANDG        0.072
   1 1951 Jan   1   ucGRASLANDVEENGPG-O- ucGRASLANDVEENG        0.055
   1 1951 Jan   1   ucONGEDRAINEERDVEENG ucONGEDRAINEERD        0.148
   1 1951 Jan   1   ucAKKERBOUW_TUINBOUW ucAKKERBOUW_TUI        0.091
   1 1951 Jan   1   ucAKKERBOUW_TUINBOUW ucAKKERBOUW_TUI        0.029
   1 1951 Jan   1   ucGRASLANDKLEIGPG-O- ucGRASLANDKLEIG        0.076
   1 1951 Jan   1   ucONGEDRAINEERDKLEIG ucONGEDRAINEERD        0.001
   1 1951 Jan   1   ucONGEDRAINEERDKLEIG ucONGEDRAINEERD        0.064
   1 1951 Jan   1   ucGRASLANDKLEIGPG-O- ucGRASLANDKLEIG        0.106
   1 1951 Jan   1   ucAKKERBOUW_TUINBOUW ucAKKERBOUW_TUI        0.432
   1 1951 Jan   1   ucGRASLANDVEENGPG-O- ucGRASLANDVEENG        0.041
   1 1951 Jan   1   ucONGEDRAINEERDVEENG ucONGEDRAINEERD        0.032
   1 1951 Jan   1   ucGRASLANDZANDGPG-O- ucGRASLANDZANDG        0.003
   1 1951 Jan   1   ucONGEDRAINEERDZANDG ucONGEDRAINEERD        0.001
   1 1951 Jan   1   ucAKKERBOUW_TUINBOUW ucAKKERBOUW_TUI        0.003
   1 1951 Jan   1   ucAKKERBOUW_TUINBOUW ucAKKERBOUW_TUI        0.106
   1 1951 Jan   1   ucBOOM_EN_FRUITKWEKE ucBOOM_EN_FRUIT        0.010
   1 1951 Jan   1   ucAKKERBOUW_TUINBOUW ucAKKERBOUW_TUI        0.029
   1 1951 Jan   1   ucAKKERBOUW_TUINBOUW ucAKKERBOUW_TUI        0.018
   1 1951 Jan   1   ucGRASLANDVEENGPG-O- ucGRASLANDVEENG        0.001
   1 1951 Jan   1   ucONGEDRAINEERDZANDG ucONGEDRAINEERD        0.000
   1 1951 Jan   1   ucONGEDRAINEERDVEENG ucONGEDRAINEERD        0.000
   1 1951 Jan   1   ucGRASLANDKLEIGPG-O- ucGRASLANDKLEIG        0.033
   1 1951 Jan   1   ucAKKERBOUW_TUINBOUW ucAKKERBOUW_TUI        0.018
   1 1951 Jan   1   ucAKKERBOUW_TUINBOUW ucAKKERBOUW_TUI        0.011
   1 1951 Jan   1   ucONGEDRAINEERDKLEIG ucONGEDRAINEERD        0.001
   1 1951 Jan   1   ucGRASLANDVEENGPG-O- ucGRASLANDVEENG        0.017
   1 1951 Jan   1   ucONGEDRAINEERDVEENG ucONGEDRAINEERD        0.002
   1 1951 Jan   1   ucAKKERBOUW_TUINBOUW ucAKKERBOUW_TUI        0.000
   1 1951 Jan   1   ucGRASLANDZANDGPG-O- ucGRASLANDZANDG        0.000
   1 1951 Jan   1   ucONGEDRAINEERDKLEIG ucONGEDRAINEERD        0.204
   1 1951 Jan   1   ucGRASLANDKLEIGPG-O- ucGRASLANDKLEIG        1.556
   1 1951 Jan   1   ucGRASLANDVEENGPG-O- ucGRASLANDVEENG        2.224
   1 1951 Jan   1   ucAKKERBOUW_TUINBOUW ucAKKERBOUW_TUI        1.430
   1 1951 Jan   1   ucAKKERBOUW_TUINBOUW ucAKKERBOUW_TUI        1.376
   1 1951 Jan   1   ucONGEDRAINEERDVEENG ucONGEDRAINEERD        0.419
   1 1951 Jan   1   ucONGEDRAINEERDZANDG ucONGEDRAINEERD        0.130
   1 1951 Jan   1   ucGRASLANDZANDGPG-O- ucGRASLANDZANDG        0.088
   1 1951 Jan   1   ucAKKERBOUW_TUINBOUW ucAKKERBOUW_TUI        0.461
   1 1951 Jan   1   ucGRASLANDVEENGPG-O- ucGRASLANDVEENG        0.021
   1 1951 Jan   1   ucGRASLANDZANDGPG-O- ucGRASLANDZANDG        0.020
   1 1951 Jan   1   ucAKKERBOUW_TUINBOUW ucAKKERBOUW_TUI        0.116
   1 1951 Jan   1   ucAKKERBOUW_TUINBOUW ucAKKERBOUW_TUI        0.078
   1 1951 Jan   1   ucONGEDRAINEERDZANDG ucONGEDRAINEERD        0.005
   1 1951 Jan   1   ucONGEDRAINEERDVEENG ucONGEDRAINEERD        0.011
   1 1951 Jan   1   ucGRASLANDZANDGPG-O- ucGRASLANDZANDG        0.019
   1 1951 Jan   1   ucONGEDRAINEERDKLEIG ucONGEDRAINEERD        0.000
   1 1951 Jan   1   ucONGEDRAINEERDZANDG ucONGEDRAINEERD        0.015
   1 1951 Jan   1   ucGRASLANDVEENGPG-O- ucGRASLANDVEENG        0.001
   1 1951 Jan   1   ucGRASLANDKLEIGPG-O- ucGRASLANDKLEIG        0.000
   1 1951 Jan   1   ucAKKERBOUW_TUINBOUW ucAKKERBOUW_TUI        0.028
   1 1951 Jan   1   ucAKKERBOUW_TUINBOUW ucAKKERBOUW_TUI        0.051
   1 1951 Jan   1   ucAKKERBOUW_TUINBOUW ucAKKERBOUW_TUI        0.020
   1 1951 Jan   1   ucONGEDRAINEERDVEENG ucONGEDRAINEERD        0.004
   1 1951 Jan   1   ucBOOM_EN_FRUITKWEKE ucBOOM_EN_FRUIT        0.001
   1 1951 Jan   1   pcGPG-O-17760        pcGPG-O-17760          0.053
   1 1951 Jan   1   pcGPG-O-17680        pcGPG-O-17680          0.197
   1 1951 Jan   1   pcGPG-O-17780        pcGPG-O-17780          0.699
   1 1951 Jan   1   pcGPG-O-17820        pcGPG-O-17820          0.002
   1 1951 Jan   1   pcGPG-O-17670        pcGPG-O-17670          0.014
   1 1951 Jan   1   pcGPG-O-17755        pcGPG-O-17755          0.244
   1 1951 Jan   1   pcGPG-O-17810        pcGPG-O-17810          0.182
   1 1951 Jan   1   pcGPG-O-17660        pcGPG-O-17660          1.187
   1 1951 Jan   1   pcGPG-O-17790        pcGPG-O-17790          0.132
   1 1951 Jan   1   pcGPG-O-17740        pcGPG-O-17740          0.051
   1 1951 Jan   1   pcGPG-O-17685        pcGPG-O-17685          0.184
   1 1951 Jan   1   pcGPG-O-11860        pcGPG-O-11860          0.722
   1 1951 Jan   1   pcGPG-O-17770        pcGPG-O-17770          0.252
   1 1951 Jan   1   pcGPG-O-11730        pcGPG-O-11730          0.045
   1 1951 Jan   1   pcGPG-O-17700        pcGPG-O-17700          0.029
   1 1951 Jan   1   pcGPG-O-17730        pcGPG-O-17730          0.285
   1 1951 Jan   1   pcGPG-O-17750        pcGPG-O-17750          0.524
   1 1951 Jan   1   pcGPG-O-17710        pcGPG-O-17710          0.124
   1 1951 Jan   1   pcGPG-O-17690        pcGPG-O-17690          0.814
   1 1951 Jan   1   gcGPG-O-17680        gcGPG-O-17680          0.004
   1 1951 Jan   1   gcGPG-O-17660        gcGPG-O-17660          0.011
   1 1951 Jan   1   gcGPG-O-11730        gcGPG-O-11730          0.025
   1 1951 Jan   1   gcGPG-O-17750        gcGPG-O-17750          0.002
   1 1951 Jan   1   gcGPG-O-17690        gcGPG-O-17690          0.058
