         143
'ucGRASLANDKLEIGPG-O-17760'
'ucGRASLANDVEENGPG-O-17760'
'ucAKKERBOUW_TUINBOUWKLEIGPG-O-17760'
'ucONGEDRAINEERDKLEIGPG-O-17760'
'ucONGEDRAINEERDKLEIGPG-O-17800'
'ucAKKERBOUW_TUINBOUWKLEIGPG-O-17800'
'ucGRASLANDKLEIGPG-O-17800'
'ucONGEDRAINEERDZANDGPG-O-17680'
'ucAKKERBOUW_TUINBOUWZANDGPG-O-17680'
'ucAKKERBOUW_TUINBOUWVEENGPG-O-17680'
'ucGRASLANDZANDGPG-O-17680'
'ucGRASLANDVEENGPG-O-17680'
'ucONGEDRAINEERDVEENGPG-O-17680'
'ucAKKERBOUW_TUINBOUWKLEIGPG-O-17780'
'ucGRASLANDKLEIGPG-O-17780'
'ucONGEDRAINEERDKLEIGPG-O-17780'
'ucGRASLANDVEENGPG-O-17780'
'ucAKKERBOUW_TUINBOUWVEENGPG-O-17780'
'ucBOOM_EN_FRUITKWEKERIJKLEIGPG-O-17780'
'ucGRASLANDZANDGPG-O-17780'
'ucONGEDRAINEERDZANDGPG-O-17780'
'ucAKKERBOUW_TUINBOUWZANDGPG-O-17780'
'ucAKKERBOUW_TUINBOUWKLEIGPG-O-17820'
'ucONGEDRAINEERDKLEIGPG-O-17820'
'ucGRASLANDKLEIGPG-O-17820'
'ucGRASLANDZANDGPG-O-17820'
'ucGRASLANDZANDGPG-O-17670'
'ucONGEDRAINEERDZANDGPG-O-17670'
'ucAKKERBOUW_TUINBOUWZANDGPG-O-17670'
'ucAKKERBOUW_TUINBOUWKLEIGPG-O-17755'
'ucGRASLANDKLEIGPG-O-17755'
'ucONGEDRAINEERDKLEIGPG-O-17755'
'ucGRASLANDZANDGPG-O-17755'
'ucONGEDRAINEERDZANDGPG-O-17755'
'ucAKKERBOUW_TUINBOUWZANDGPG-O-17755'
'ucAKKERBOUW_TUINBOUWKLEIGPG-O-17810'
'ucGRASLANDKLEIGPG-O-17810'
'ucONGEDRAINEERDKLEIGPG-O-17810'
'ucBOOM_EN_FRUITKWEKERIJKLEIGPG-O-17810'
'ucGRASLANDZANDGPG-O-17660'
'ucAKKERBOUW_TUINBOUWZANDGPG-O-17660'
'ucAKKERBOUW_TUINBOUWVEENGPG-O-17660'
'ucGRASLANDVEENGPG-O-17660'
'ucONGEDRAINEERDZANDGPG-O-17660'
'ucONGEDRAINEERDVEENGPG-O-17660'
'ucONGEDRAINEERDKLEIGPG-O-17790'
'ucAKKERBOUW_TUINBOUWKLEIGPG-O-17790'
'ucGRASLANDKLEIGPG-O-17790'
'ucBOOM_EN_FRUITKWEKERIJKLEIGPG-O-17790'
'ucGRASLANDKLEIGPG-O-17740'
'ucAKKERBOUW_TUINBOUWKLEIGPG-O-17740'
'ucONGEDRAINEERDKLEIGPG-O-17740'
'ucAKKERBOUW_TUINBOUWKLEIGPG-O-17685'
'ucONGEDRAINEERDKLEIGPG-O-17685'
'ucAKKERBOUW_TUINBOUWZANDGPG-O-17685'
'ucGRASLANDZANDGPG-O-17685'
'ucGRASLANDKLEIGPG-O-17685'
'ucONGEDRAINEERDZANDGPG-O-17685'
'ucBOOM_EN_FRUITKWEKERIJZANDGPG-O-17685'
'ucONGEDRAINEERDKLEIGPG-O-11860'
'ucGRASLANDKLEIGPG-O-11860'
'ucAKKERBOUW_TUINBOUWKLEIGPG-O-11860'
'ucONGEDRAINEERDZANDGPG-O-11860'
'ucAKKERBOUW_TUINBOUWZANDGPG-O-11860'
'ucGRASLANDZANDGPG-O-11860'
'ucGRASLANDVEENGPG-O-11860'
'ucONGEDRAINEERDVEENGPG-O-11860'
'ucAKKERBOUW_TUINBOUWVEENGPG-O-11860'
'ucAKKERBOUW_TUINBOUWKLEIGPG-O-17770'
'ucGRASLANDKLEIGPG-O-17770'
'ucONGEDRAINEERDKLEIGPG-O-17770'
'ucONGEDRAINEERDKLEIGPG-O-11730'
'ucGRASLANDKLEIGPG-O-11730'
'ucAKKERBOUW_TUINBOUWKLEIGPG-O-11730'
'ucGRASLANDVEENGPG-O-11730'
'ucONGEDRAINEERDVEENGPG-O-11730'
'ucGRASLANDZANDGPG-O-11730'
'ucONGEDRAINEERDZANDGPG-O-11730'
'ucAKKERBOUW_TUINBOUWZANDGPG-O-11730'
'ucAKKERBOUW_TUINBOUWVEENGPG-O-11730'
'ucBOOM_EN_FRUITKWEKERIJKLEIGPG-O-11730'
'ucAKKERBOUW_TUINBOUWZANDGPG-O-17700'
'ucAKKERBOUW_TUINBOUWVEENGPG-O-17700'
'ucGRASLANDVEENGPG-O-17700'
'ucONGEDRAINEERDZANDGPG-O-17700'
'ucONGEDRAINEERDVEENGPG-O-17700'
'ucGRASLANDKLEIGPG-O-17730'
'ucAKKERBOUW_TUINBOUWKLEIGPG-O-17730'
'ucAKKERBOUW_TUINBOUWVEENGPG-O-17730'
'ucONGEDRAINEERDKLEIGPG-O-17730'
'ucGRASLANDVEENGPG-O-17730'
'ucONGEDRAINEERDVEENGPG-O-17730'
'ucAKKERBOUW_TUINBOUWZANDGPG-O-17730'
'ucGRASLANDZANDGPG-O-17730'
'ucONGEDRAINEERDKLEIGPG-O-17750'
'ucGRASLANDKLEIGPG-O-17750'
'ucGRASLANDVEENGPG-O-17750'
'ucAKKERBOUW_TUINBOUWKLEIGPG-O-17750'
'ucAKKERBOUW_TUINBOUWVEENGPG-O-17750'
'ucONGEDRAINEERDVEENGPG-O-17750'
'ucONGEDRAINEERDZANDGPG-O-17750'
'ucGRASLANDZANDGPG-O-17750'
'ucAKKERBOUW_TUINBOUWZANDGPG-O-17750'
'ucGRASLANDVEENGPG-O-17710'
'ucGRASLANDZANDGPG-O-17710'
'ucAKKERBOUW_TUINBOUWZANDGPG-O-17710'
'ucAKKERBOUW_TUINBOUWVEENGPG-O-17710'
'ucONGEDRAINEERDZANDGPG-O-17710'
'ucONGEDRAINEERDVEENGPG-O-17710'
'ucGRASLANDZANDGPG-O-17690'
'ucONGEDRAINEERDKLEIGPG-O-17690'
'ucONGEDRAINEERDZANDGPG-O-17690'
'ucGRASLANDVEENGPG-O-17690'
'ucGRASLANDKLEIGPG-O-17690'
'ucAKKERBOUW_TUINBOUWVEENGPG-O-17690'
'ucAKKERBOUW_TUINBOUWZANDGPG-O-17690'
'ucAKKERBOUW_TUINBOUWKLEIGPG-O-17690'
'ucONGEDRAINEERDVEENGPG-O-17690'
'ucBOOM_EN_FRUITKWEKERIJZANDGPG-O-17690'
'pcGPG-O-17760'
'pcGPG-O-17680'
'pcGPG-O-17780'
'pcGPG-O-17820'
'pcGPG-O-17670'
'pcGPG-O-17755'
'pcGPG-O-17810'
'pcGPG-O-17660'
'pcGPG-O-17790'
'pcGPG-O-17740'
'pcGPG-O-17685'
'pcGPG-O-11860'
'pcGPG-O-17770'
'pcGPG-O-11730'
'pcGPG-O-17700'
'pcGPG-O-17730'
'pcGPG-O-17750'
'pcGPG-O-17710'
'pcGPG-O-17690'
'gcGPG-O-17680'
'gcGPG-O-17660'
'gcGPG-O-11730'
'gcGPG-O-17750'
'gcGPG-O-17690'
