 Run datum (DD-MM-YY) and time: 5-10-2022   8:54

 Case name                                     



 Maxima per event

 Event   Start     Node identification   Node      Groundwaterlevel    Surf_runoff    Disch_soil    Rainfall   Acceptable  gw   GWL on surface  Cum.Exc.Threshold GWL
  nr  year-mon-day                       name            [m]NAP         [m3/s]          [m3/s]        [m3/s]       NAP          [hour]
===================================================================================================================================================================
   1 1951 Jan   1   upGRASLANDKLEIGPG-O- upGRASLANDKLEIG       -0.033        0.000        0.015        0.408      999.000            0               0.000
   1 1951 Jan   1   upGRASLANDVEENGPG-O- upGRASLANDVEENG       -0.033        0.000        0.000        0.001      999.000            0               0.000
   1 1951 Jan   1   upAKKERBOUW_TUINBOUW upAKKERBOUW_TUI       -0.168        0.000        0.022        0.601      999.000            0               0.000
   1 1951 Jan   1   upONGEDRAINEERDKLEIG upONGEDRAINEERD       -0.068        0.000        0.000        0.011      999.000            0               0.000
   1 1951 Jan   1   upONGEDRAINEERDKLEIG upONGEDRAINEERD       -1.352        0.050        0.003        0.169      999.000           71               0.000
   1 1951 Jan   1   upAKKERBOUW_TUINBOUW upAKKERBOUW_TUI       -1.352        0.399        0.043        1.728      999.000           71               0.000
   1 1951 Jan   1   upGRASLANDKLEIGPG-O- upGRASLANDKLEIG       -1.352        0.037        0.003        0.143      999.000           71               0.000
   1 1951 Jan   1   upONGEDRAINEERDZANDG upONGEDRAINEERD       -0.118        0.000        0.076        2.387      999.000            0               0.000
   1 1951 Jan   1   upAKKERBOUW_TUINBOUW upAKKERBOUW_TUI       -0.106        0.000        0.338        8.562      999.000            0               0.000
   1 1951 Jan   1   upAKKERBOUW_TUINBOUW upAKKERBOUW_TUI       -0.099        0.000        0.104        2.536      999.000            0               0.000
   1 1951 Jan   1   upGRASLANDZANDGPG-O- upGRASLANDZANDG        0.015        0.000        0.118        3.167      999.000            0               0.000
   1 1951 Jan   1   upGRASLANDVEENGPG-O- upGRASLANDVEENG        0.015        0.000        0.010        0.259      999.000            0               0.000
   1 1951 Jan   1   upONGEDRAINEERDVEENG upONGEDRAINEERD        0.070        0.000        0.003        0.106      999.000            0               0.000
   1 1951 Jan   1   upAKKERBOUW_TUINBOUW upAKKERBOUW_TUI       -1.428        3.307        0.382       12.909      999.000           71               0.000
   1 1951 Jan   1   upGRASLANDKLEIGPG-O- upGRASLANDKLEIG       -1.428        2.775        0.215        9.666      999.000           71               0.000
   1 1951 Jan   1   upONGEDRAINEERDKLEIG upONGEDRAINEERD       -1.428        0.099        0.008        0.310      999.000           71               0.000
   1 1951 Jan   1   upGRASLANDVEENGPG-O- upGRASLANDVEENG       -1.428        0.003        0.000        0.010      999.000           71               0.000
   1 1951 Jan   1   upAKKERBOUW_TUINBOUW upAKKERBOUW_TUI       -1.428        0.213        0.026        0.880      999.000           71               0.000
   1 1951 Jan   1   upBOOM_EN_FRUITKWEKE upBOOM_EN_FRUIT       -1.428        0.002        0.000        0.009      999.000           71               0.000
   1 1951 Jan   1   upGRASLANDZANDGPG-O- upGRASLANDZANDG       -1.428        0.013        0.001        0.046      999.000           71               0.000
   1 1951 Jan   1   upONGEDRAINEERDZANDG upONGEDRAINEERD       -1.428        0.006        0.001        0.021      999.000           71               0.000
   1 1951 Jan   1   upAKKERBOUW_TUINBOUW upAKKERBOUW_TUI       -1.428        0.005        0.001        0.020      999.000           71               0.000
   1 1951 Jan   1   upAKKERBOUW_TUINBOUW upAKKERBOUW_TUI       -2.332        0.000        0.045        1.803      999.000           77               0.000
   1 1951 Jan   1   upONGEDRAINEERDKLEIG upONGEDRAINEERD       -2.332        0.000        0.004        0.237      999.000           79               0.000
   1 1951 Jan   1   upGRASLANDKLEIGPG-O- upGRASLANDKLEIG       -2.332        0.000        0.004        0.221      999.000           78               0.000
   1 1951 Jan   1   upGRASLANDZANDGPG-O- upGRASLANDZANDG       -2.332        0.000        0.001        0.055      999.000           78               0.000
   1 1951 Jan   1   upGRASLANDZANDGPG-O- upGRASLANDZANDG        1.437        0.000        0.006        0.154      999.000            0               0.000
   1 1951 Jan   1   upONGEDRAINEERDZANDG upONGEDRAINEERD        1.288        0.000        0.003        0.064      999.000            0               0.000
   1 1951 Jan   1   upAKKERBOUW_TUINBOUW upAKKERBOUW_TUI        1.316        0.000        0.006        0.141      999.000            0               0.000
   1 1951 Jan   1   upAKKERBOUW_TUINBOUW upAKKERBOUW_TUI        0.082        0.000        0.010        0.241      999.000            0               0.000
   1 1951 Jan   1   upGRASLANDKLEIGPG-O- upGRASLANDKLEIG        0.221        0.000        0.006        0.152      999.000            0               0.000
   1 1951 Jan   1   upONGEDRAINEERDKLEIG upONGEDRAINEERD        0.123        0.000        0.001        0.016      999.000            0               0.000
   1 1951 Jan   1   upGRASLANDZANDGPG-O- upGRASLANDZANDG        0.221        0.000        0.007        0.170      999.000            0               0.000
   1 1951 Jan   1   upONGEDRAINEERDZANDG upONGEDRAINEERD        0.065        0.000        0.001        0.014      999.000            0               0.000
   1 1951 Jan   1   upAKKERBOUW_TUINBOUW upAKKERBOUW_TUI        0.100        0.000        0.000        0.004      999.000            0               0.000
   1 1951 Jan   1   upAKKERBOUW_TUINBOUW upAKKERBOUW_TUI       -1.168        0.373        0.081        3.114      999.000           71               0.000
   1 1951 Jan   1   upGRASLANDKLEIGPG-O- upGRASLANDKLEIG       -1.168        0.083        0.012        0.615      999.000           71               0.000
   1 1951 Jan   1   upONGEDRAINEERDKLEIG upONGEDRAINEERD       -1.168        0.004        0.000        0.021      999.000           71               0.000
   1 1951 Jan   1   upBOOM_EN_FRUITKWEKE upBOOM_EN_FRUIT       -1.168        0.068        0.021        0.635      999.000           71               0.000
   1 1951 Jan   1   upGRASLANDZANDGPG-O- upGRASLANDZANDG        0.153        0.000        0.083        2.173      999.000            0               0.000
   1 1951 Jan   1   upAKKERBOUW_TUINBOUW upAKKERBOUW_TUI        0.056        0.000        0.128        3.689      999.000            0               0.000
   1 1951 Jan   1   upAKKERBOUW_TUINBOUW upAKKERBOUW_TUI        0.045        0.000        0.127        3.438      999.000            0               0.000
   1 1951 Jan   1   upGRASLANDVEENGPG-O- upGRASLANDVEENG        0.153        0.000        0.087        2.279      999.000            0               0.000
   1 1951 Jan   1   upONGEDRAINEERDZANDG upONGEDRAINEERD        0.140        0.000        0.018        0.604      999.000            0               0.000
   1 1951 Jan   1   upONGEDRAINEERDVEENG upONGEDRAINEERD        0.185        0.027        0.032        1.035      999.000           10               0.000
   1 1951 Jan   1   upONGEDRAINEERDKLEIG upONGEDRAINEERD       -1.204        0.122        0.014        0.614      999.000           71               0.000
   1 1951 Jan   1   upAKKERBOUW_TUINBOUW upAKKERBOUW_TUI       -1.204        0.142        0.033        1.201      999.000           71               0.000
   1 1951 Jan   1   upGRASLANDKLEIGPG-O- upGRASLANDKLEIG       -1.204        0.552        0.071        3.501      999.000           71               0.000
   1 1951 Jan   1   upBOOM_EN_FRUITKWEKE upBOOM_EN_FRUIT       -1.204        0.036        0.015        0.428      999.000           71               0.000
   1 1951 Jan   1   upGRASLANDKLEIGPG-O- upGRASLANDKLEIG       -0.278        0.000        0.075        2.145      999.000            0               0.000
   1 1951 Jan   1   upAKKERBOUW_TUINBOUW upAKKERBOUW_TUI       -0.308        0.000        0.018        0.609      999.000            0               0.000
   1 1951 Jan   1   upONGEDRAINEERDKLEIG upONGEDRAINEERD       -0.241        0.001        0.002        0.098      999.000           50               0.000
   1 1951 Jan   1   upAKKERBOUW_TUINBOUW upAKKERBOUW_TUI        0.460        0.000        0.002        0.048      999.000            0               0.000
   1 1951 Jan   1   upONGEDRAINEERDKLEIG upONGEDRAINEERD        0.487        0.000        0.002        0.062      999.000            0               0.000
   1 1951 Jan   1   upAKKERBOUW_TUINBOUW upAKKERBOUW_TUI        0.480        0.000        0.001        0.024      999.000            0               0.000
   1 1951 Jan   1   upGRASLANDZANDGPG-O- upGRASLANDZANDG        0.601        0.000        0.011        0.287      999.000            0               0.000
   1 1951 Jan   1   upGRASLANDKLEIGPG-O- upGRASLANDKLEIG        0.601        0.000        0.000        0.012      999.000            0               0.000
   1 1951 Jan   1   upONGEDRAINEERDZANDG upONGEDRAINEERD        0.437        0.000        0.003        0.076      999.000            0               0.000
   1 1951 Jan   1   upBOOM_EN_FRUITKWEKE upBOOM_EN_FRUIT        0.437        0.000        0.002        0.028      999.000            0               0.000
   1 1951 Jan   1   upONGEDRAINEERDKLEIG upONGEDRAINEERD       -2.262        0.644        0.015        0.868      999.000           72               0.000
   1 1951 Jan   1   upGRASLANDKLEIGPG-O- upGRASLANDKLEIG       -2.262        0.045        0.010        0.501      999.000           72               0.000
   1 1951 Jan   1   upAKKERBOUW_TUINBOUW upAKKERBOUW_TUI       -2.262        0.113        0.033        1.219      999.000           72               0.000
   1 1951 Jan   1   upONGEDRAINEERDZANDG upONGEDRAINEERD       -2.262        0.086        0.023        0.860      999.000           72               0.000
   1 1951 Jan   1   upAKKERBOUW_TUINBOUW upAKKERBOUW_TUI       -2.262        0.000        0.000        0.002      999.000           72               0.000
   1 1951 Jan   1   upGRASLANDZANDGPG-O- upGRASLANDZANDG       -2.262        0.070        0.015        0.781      999.000           72               0.000
   1 1951 Jan   1   upGRASLANDVEENGPG-O- upGRASLANDVEENG       -2.262        0.054        0.011        0.602      999.000           72               0.000
   1 1951 Jan   1   upONGEDRAINEERDVEENG upONGEDRAINEERD       -2.262        0.146        0.022        1.381      999.000           72               0.000
   1 1951 Jan   1   upAKKERBOUW_TUINBOUW upAKKERBOUW_TUI       -2.262        0.089        0.030        1.099      999.000           72               0.000
   1 1951 Jan   1   upAKKERBOUW_TUINBOUW upAKKERBOUW_TUI       -0.446        0.000        0.029        0.886      999.000            0               0.000
   1 1951 Jan   1   upGRASLANDKLEIGPG-O- upGRASLANDKLEIG       -0.412        0.000        0.076        2.163      999.000            0               0.000
   1 1951 Jan   1   upONGEDRAINEERDKLEIG upONGEDRAINEERD       -0.357        0.000        0.001        0.029      999.000           14               0.000
   1 1951 Jan   1   upONGEDRAINEERDKLEIG upONGEDRAINEERD       -1.984        0.000        0.064        5.110      999.000           75               0.000
   1 1951 Jan   1   upGRASLANDKLEIGPG-O- upGRASLANDKLEIG       -1.984        0.000        0.106        6.361      999.000           74               0.000
   1 1951 Jan   1   upAKKERBOUW_TUINBOUW upAKKERBOUW_TUI       -1.984        0.000        0.432       19.292      999.000           74               0.000
   1 1951 Jan   1   upGRASLANDVEENGPG-O- upGRASLANDVEENG       -1.984        0.000        0.041        2.482      999.000           74               0.000
   1 1951 Jan   1   upONGEDRAINEERDVEENG upONGEDRAINEERD       -1.984        0.000        0.032        2.414      999.000           75               0.000
   1 1951 Jan   1   upGRASLANDZANDGPG-O- upGRASLANDZANDG       -1.984        0.000        0.003        0.181      999.000           74               0.000
   1 1951 Jan   1   upONGEDRAINEERDZANDG upONGEDRAINEERD       -1.984        0.000        0.001        0.028      999.000           74               0.000
   1 1951 Jan   1   upAKKERBOUW_TUINBOUW upAKKERBOUW_TUI       -1.984        0.000        0.003        0.144      999.000           74               0.000
   1 1951 Jan   1   upAKKERBOUW_TUINBOUW upAKKERBOUW_TUI       -1.984        0.000        0.106        4.402      999.000           74               0.000
   1 1951 Jan   1   upBOOM_EN_FRUITKWEKE upBOOM_EN_FRUIT       -1.984        0.000        0.010        0.387      999.000           74               0.000
   1 1951 Jan   1   upAKKERBOUW_TUINBOUW upAKKERBOUW_TUI       -0.846        0.019        0.026        0.996      999.000           67               0.000
   1 1951 Jan   1   upAKKERBOUW_TUINBOUW upAKKERBOUW_TUI       -0.846        0.012        0.016        0.636      999.000           65               0.000
   1 1951 Jan   1   upGRASLANDVEENGPG-O- upGRASLANDVEENG       -0.846        0.001        0.000        0.019      999.000           70               0.000
   1 1951 Jan   1   upONGEDRAINEERDZANDG upONGEDRAINEERD       -0.846        0.000        0.000        0.004      999.000           70               0.000
   1 1951 Jan   1   upONGEDRAINEERDVEENG upONGEDRAINEERD       -0.846        0.000        0.000        0.001      999.000           70               0.000
   1 1951 Jan   1   upGRASLANDKLEIGPG-O- upGRASLANDKLEIG       -0.209        0.000        0.033        0.888      999.000            0               0.000
   1 1951 Jan   1   upAKKERBOUW_TUINBOUW upAKKERBOUW_TUI       -0.341        0.000        0.018        0.489      999.000            0               0.000
   1 1951 Jan   1   upAKKERBOUW_TUINBOUW upAKKERBOUW_TUI       -0.321        0.000        0.011        0.267      999.000            0               0.000
   1 1951 Jan   1   upONGEDRAINEERDKLEIG upONGEDRAINEERD       -0.187        0.000        0.001        0.043      999.000            0               0.000
   1 1951 Jan   1   upGRASLANDVEENGPG-O- upGRASLANDVEENG       -0.209        0.000        0.017        0.460      999.000            0               0.000
   1 1951 Jan   1   upONGEDRAINEERDVEENG upONGEDRAINEERD       -0.157        0.000        0.002        0.051      999.000            0               0.000
   1 1951 Jan   1   upAKKERBOUW_TUINBOUW upAKKERBOUW_TUI       -0.330        0.000        0.000        0.004      999.000            0               0.000
   1 1951 Jan   1   upGRASLANDZANDGPG-O- upGRASLANDZANDG       -0.209        0.000        0.000        0.007      999.000            0               0.000
   1 1951 Jan   1   upONGEDRAINEERDKLEIG upONGEDRAINEERD       -1.391        0.204        0.018        0.610      999.000           72               0.000
   1 1951 Jan   1   upGRASLANDKLEIGPG-O- upGRASLANDKLEIG       -1.391        1.549        0.127        4.731      999.000           72               0.000
   1 1951 Jan   1   upGRASLANDVEENGPG-O- upGRASLANDVEENG       -1.391        2.214        0.182        6.763      999.000           72               0.000
   1 1951 Jan   1   upAKKERBOUW_TUINBOUW upAKKERBOUW_TUI       -1.391        1.424        0.164        4.804      999.000           71               0.000
   1 1951 Jan   1   upAKKERBOUW_TUINBOUW upAKKERBOUW_TUI       -1.391        1.368        0.161        4.675      999.000           71               0.000
   1 1951 Jan   1   upONGEDRAINEERDVEENG upONGEDRAINEERD       -1.391        0.417        0.029        1.214      999.000           72               0.000
   1 1951 Jan   1   upONGEDRAINEERDZANDG upONGEDRAINEERD       -1.391        0.129        0.015        0.432      999.000           71               0.000
   1 1951 Jan   1   upGRASLANDZANDGPG-O- upGRASLANDZANDG       -1.391        0.087        0.007        0.267      999.000           72               0.000
   1 1951 Jan   1   upAKKERBOUW_TUINBOUW upAKKERBOUW_TUI       -1.391        0.458        0.054        1.562      999.000           71               0.000
   1 1951 Jan   1   upGRASLANDVEENGPG-O- upGRASLANDVEENG       -1.076        0.019        0.003        0.172      999.000           71               0.000
   1 1951 Jan   1   upGRASLANDZANDGPG-O- upGRASLANDZANDG       -1.076        0.018        0.003        0.164      999.000           71               0.000
   1 1951 Jan   1   upAKKERBOUW_TUINBOUW upAKKERBOUW_TUI       -1.076        0.108        0.032        1.195      999.000           71               0.000
   1 1951 Jan   1   upAKKERBOUW_TUINBOUW upAKKERBOUW_TUI       -1.076        0.072        0.022        0.852      999.000           70               0.000
   1 1951 Jan   1   upONGEDRAINEERDZANDG upONGEDRAINEERD       -1.076        0.005        0.001        0.045      999.000           71               0.000
   1 1951 Jan   1   upONGEDRAINEERDVEENG upONGEDRAINEERD       -1.076        0.010        0.001        0.065      999.000           71               0.000
   1 1951 Jan   1   upGRASLANDZANDGPG-O- upGRASLANDZANDG       -0.136        0.000        0.019        0.526      999.000            0               0.000
   1 1951 Jan   1   upONGEDRAINEERDKLEIG upONGEDRAINEERD       -0.098        0.000        0.000        0.005      999.000            0               0.000
   1 1951 Jan   1   upONGEDRAINEERDZANDG upONGEDRAINEERD       -0.255        0.000        0.015        0.449      999.000            0               0.000
   1 1951 Jan   1   upGRASLANDVEENGPG-O- upGRASLANDVEENG       -0.136        0.000        0.001        0.040      999.000            0               0.000
   1 1951 Jan   1   upGRASLANDKLEIGPG-O- upGRASLANDKLEIG       -0.136        0.000        0.000        0.005      999.000            0               0.000
   1 1951 Jan   1   upAKKERBOUW_TUINBOUW upAKKERBOUW_TUI       -0.244        0.000        0.028        0.728      999.000            0               0.000
   1 1951 Jan   1   upAKKERBOUW_TUINBOUW upAKKERBOUW_TUI       -0.250        0.000        0.051        1.471      999.000            0               0.000
   1 1951 Jan   1   upAKKERBOUW_TUINBOUW upAKKERBOUW_TUI       -0.254        0.000        0.020        0.605      999.000            0               0.000
   1 1951 Jan   1   upONGEDRAINEERDVEENG upONGEDRAINEERD       -0.082        0.000        0.004        0.130      999.000            0               0.000
   1 1951 Jan   1   upBOOM_EN_FRUITKWEKE upBOOM_EN_FRUIT       -0.353        0.000        0.001        0.036      999.000            0               0.000
