 Results 3B calculation

 Rainfall file                      : default.bui                                                                                                                     
 Evaporation file                   : default.evp                                                                                                                     
 Crop factor file                   : cropfact                                                                                                                        
 Storage coefficient file           : bergcoef                                                                                                                        
 Timestep size (s)                  :     3600
 Simulated period (hours)           :      336.00 for number of Events=     1


 Summary results Sobek-RR Rural model   

 Total area (ha)                    :          37.32
 Total rainfall (m3)                :       10673.92
 Total evaporation paved area (m3)  :         849.74
 Total evaporation unpaved area (m3):        2714.46
 Total DWA paved area (m3)          :           0.00
 Net seepage unpaved area (m3)      :        1425.31
 Storage change paved area (m3)     :           0.00
 Storage change unpaved area (m3)   :        4486.48
 Total outflow at boundaries (m3)   :        6474.33
 Total inflow at boundaries (m3)    :        2425.79
 Balance error (m3)                 :           0.00 ( 0.0000% of inflow; 0.0000% of outflow)
 Maximum balance error in simulation:           0.00
