 Run datum (DD-MM-YY) and time:12-12-2022  19: 7

 Case name                                     



 Maxima per event

 Event   Start     Node identification   Node           Storage_sewer   Overflow    Discharge   Total open water Rainfall
  nr  year-mon-day                       name                [mm]         [m3/s]       [m3/s]         [m3/s]         [m3/s]
===========================================================================================================================
   1 2017 Jun   1   pv122                pv122                  0.000        0.001        0.000        0.001        0.001
   1 2017 Jun   1   pv133                pv133                  0.000        0.001        0.000        0.001        0.001
   1 2017 Jun   1   pv156                pv156                  0.000        0.000        0.000        0.000        0.000
   1 2017 Jun   1   pv291                pv291                  0.000        0.007        0.000        0.007        0.008
   1 2017 Jun   1   pv435                pv435                  0.000        0.013        0.000        0.013        0.013
   1 2017 Jun   1   pv506                pv506                  0.000        0.006        0.000        0.006        0.006
   1 2017 Jun   1   pv590                pv590                  0.000        0.009        0.000        0.009        0.009
   1 2017 Jun   1   pv725                pv725                  0.000        0.003        0.000        0.003        0.003
   1 2017 Jun   1   pv730                pv730                  0.000        0.009        0.000        0.009        0.010
   1 2017 Jun   1   pv831                pv831                  0.000        0.010        0.000        0.010        0.010
   1 2017 Jun   1   pv870                pv870                  0.000        0.014        0.000        0.014        0.015
   1 2017 Jun   1   pv1089               pv1089                 0.000        0.002        0.000        0.002        0.002
   1 2017 Jun   1   pv1204               pv1204                 0.000        0.037        0.000        0.037        0.038
   1 2017 Jun   1   pv1278               pv1278                 0.000        0.024        0.000        0.024        0.025
   1 2017 Jun   1   pv1468               pv1468                 0.000        0.023        0.000        0.023        0.024
   1 2017 Jun   1   pv1937               pv1937                 0.000        0.037        0.000        0.037        0.038
