 Run datum (DD-MM-YY) and time:24- 9-2021  13:17

 Case name                                     



 Maxima per event

 Event   Start     Node identification   Node           Storage_sewer   Overflow    Discharge   Total open water Rainfall
  nr  year-mon-day                       name                [mm]         [m3/s]       [m3/s]         [m3/s]         [m3/s]
===========================================================================================================================
   1 2017 Jun   1   pv122                pv122                  0.000        0.004        0.000        0.004        0.005
   1 2017 Jun   1   pv133                pv133                  0.000        0.003        0.000        0.003        0.003
   1 2017 Jun   1   pv156                pv156                  0.000        0.001        0.000        0.001        0.001
   1 2017 Jun   1   pv291                pv291                  0.000        0.024        0.000        0.024        0.024
   1 2017 Jun   1   pv435                pv435                  0.000        0.041        0.000        0.041        0.041
   1 2017 Jun   1   pv506                pv506                  0.000        0.018        0.000        0.018        0.018
   1 2017 Jun   1   pv590                pv590                  0.000        0.029        0.000        0.029        0.029
   1 2017 Jun   1   pv725                pv725                  0.000        0.011        0.000        0.011        0.011
   1 2017 Jun   1   pv730                pv730                  0.000        0.030        0.000        0.030        0.030
   1 2017 Jun   1   pv831                pv831                  0.000        0.031        0.000        0.031        0.031
   1 2017 Jun   1   pv870                pv870                  0.000        0.044        0.000        0.044        0.045
   1 2017 Jun   1   pv1089               pv1089                 0.000        0.005        0.000        0.005        0.005
   1 2017 Jun   1   pv1204               pv1204                 0.000        0.114        0.000        0.114        0.114
   1 2017 Jun   1   pv1278               pv1278                 0.000        0.079        0.000        0.079        0.079
   1 2017 Jun   1   pv1468               pv1468                 0.000        0.075        0.000        0.075        0.075
   1 2017 Jun   1   pv1937               pv1937                 0.000        0.120        0.000        0.120        0.120
