          70
'ucGRASLANDZAND122'
'ucNATUURZAND122'
'ucGRASLANDZAND133'
'ucGRASLANDVEEN133'
'ucGRASLANDZAND156'
'ucGRASLANDVEEN156'
'ucGRASLANDZAND259'
'ucGRASLANDVEEN259'
'ucNATUURVEEN259'
'ucNATUURZAND259'
'ucGRASLANDVEEN291'
'ucGRASLANDZAND291'
'ucGRASLANDZAND295'
'ucGRASLANDVEEN295'
'ucNATUURVEEN295'
'ucGRASLANDZAND370'
'ucGRASLANDVEEN370'
'ucNATUURVEEN370'
'ucNATUURZAND370'
'ucGRASLANDZAND435'
'ucNATUURZAND435'
'ucGRASLANDVEEN435'
'ucNATUURVEEN435'
'ucGRASLANDZAND506'
'ucGRASLANDZAND570'
'ucGRASLANDVEEN570'
'ucNATUURVEEN570'
'ucNATUURZAND570'
'ucGRASLANDZAND590'
'ucGRASLANDVEEN590'
'ucGRASLANDZAND725'
'ucGRASLANDVEEN725'
'ucNATUURZAND725'
'ucGRASLANDZAND730'
'ucGRASLANDVEEN730'
'ucNATUURVEEN730'
'ucGRASLANDZAND831'
'ucGRASLANDVEEN831'
'ucGRASLANDZAND870'
'ucNATUURZAND870'
'ucGRASLANDZAND1089'
'ucGRASLANDVEEN1089'
'ucNATUURVEEN1089'
'ucNATUURZAND1089'
'ucGRASLANDZAND1204'
'ucGRASLANDVEEN1204'
'ucGRASLANDZAND1278'
'ucGRASLANDVEEN1278'
'ucNATUURZAND1278'
'ucNATUURVEEN1278'
'ucGRASLANDZAND1468'
'ucGRASLANDVEEN1468'
'ucNATUURZAND1468'
'ucNATUURVEEN1468'
'ucGRASLANDZAND1937'
'ucGRASLANDVEEN1937'
'seep122'
'seep156'
'seep291'
'seep435'
'seep506'
'seep725'
'seep730'
'seep831'
'seep870'
'seep1089'
'seep1204'
'seep1278'
'seep1468'
'seep1937'
